The system is: Windows - 10.0.19042 - AMD64
Compiling the CXX compiler identification source file "CMakeCXXCompilerId.cpp" succeeded.
Compiler: C:/Program Files (x86)/Microsoft Visual Studio/2017/Professional/VC/Tools/MSVC/14.16.27023/bin/HostX64/x64/cl.exe 
Build flags: 
Id flags:  

The output was:
0
.NET Framework 向け Microsoft (R) Build Engine バージョン 15.9.21+g9802d43bc3
Copyright (C) Microsoft Corporation.All rights reserved.

2021/04/02 17:39:09 にビルドを開始しました。
ノード 1 上のプロジェクト "D:\ONGA_Projects\ONGA_BlueDoctor\Main_app\build\CMakeFiles\3.18.1\CompilerIdCXX\CompilerIdCXX.vcxproj" (既定のターゲット)。
PrepareForBuild:
  ディレクトリ "Debug\" を作成しています。
  ディレクトリ "Debug\CompilerIdCXX.tlog\" を作成しています。
InitializeBuildStatus:
  "AlwaysCreate" が指定されたため "Debug\CompilerIdCXX.tlog\unsuccessfulbuild" を作成しています。
ClCompile:
  C:\Program Files (x86)\Microsoft Visual Studio\2017\Professional\VC\Tools\MSVC\14.16.27023\bin\HostX86\x64\CL.exe /c /nologo /W0 /WX- /diagnostics:classic /Od /D _MBCS /Gm- /EHsc /RTC1 /MDd /GS /fp:precise /Zc:wchar_t /Zc:forScope /Zc:inline /Fo"Debug\\" /Fd"Debug\vc141.pdb" /Gd /TP /FC /errorReport:queue CMakeCXXCompilerId.cpp
  CMakeCXXCompilerId.cpp
Link:
  C:\Program Files (x86)\Microsoft Visual Studio\2017\Professional\VC\Tools\MSVC\14.16.27023\bin\HostX86\x64\link.exe /ERRORREPORT:QUEUE /OUT:".\CompilerIdCXX.exe" /INCREMENTAL:NO /NOLOGO kernel32.lib user32.lib gdi32.lib winspool.lib comdlg32.lib advapi32.lib shell32.lib ole32.lib oleaut32.lib uuid.lib odbc32.lib odbccp32.lib /MANIFEST /MANIFESTUAC:"level='asInvoker' uiAccess='false'" /manifest:embed /PDB:".\CompilerIdCXX.pdb" /SUBSYSTEM:CONSOLE /TLBID:1 /DYNAMICBASE /NXCOMPAT /IMPLIB:".\CompilerIdCXX.lib" /MACHINE:X64 Debug\CMakeCXXCompilerId.obj
  CompilerIdCXX.vcxproj -> D:\ONGA_Projects\ONGA_BlueDoctor\Main_app\build\CMakeFiles\3.18.1\CompilerIdCXX\.\CompilerIdCXX.exe
PostBuildEvent:
  for %%i in (cl.exe) do @echo CMAKE_CXX_COMPILER=%%~$PATH:i
  :VCEnd
  CMAKE_CXX_COMPILER=C:\Program Files (x86)\Microsoft Visual Studio\2017\Professional\VC\Tools\MSVC\14.16.27023\bin\Hostx86\x64\cl.exe
FinalizeBuildStatus:
  ファイル "Debug\CompilerIdCXX.tlog\unsuccessfulbuild" を削除しています。
  "Debug\CompilerIdCXX.tlog\CompilerIdCXX.lastbuildstate" のタッチ タスクを実行しています。
プロジェクト "D:\ONGA_Projects\ONGA_BlueDoctor\Main_app\build\CMakeFiles\3.18.1\CompilerIdCXX\CompilerIdCXX.vcxproj" (既定のターゲット) のビルドが完了しました。

ビルドに成功しました。
    0 個の警告
    0 エラー

経過時間 00:00:00.52


Compilation of the CXX compiler identification source "CMakeCXXCompilerId.cpp" produced "CompilerIdCXX.exe"

Compilation of the CXX compiler identification source "CMakeCXXCompilerId.cpp" produced "CompilerIdCXX.vcxproj"

The CXX compiler identification is MSVC, found in "D:/ONGA_Projects/ONGA_BlueDoctor/Main_app/build/CMakeFiles/3.18.1/CompilerIdCXX/CompilerIdCXX.exe"

Detecting CXX compiler ABI info compiled with the following output:
Change Dir: D:/ONGA_Projects/ONGA_BlueDoctor/Main_app/build/CMakeFiles/CMakeTmp

Run Build Command(s):C:/Program Files (x86)/Microsoft Visual Studio/2017/Professional/MSBuild/15.0/Bin/MSBuild.exe cmTC_1d9fd.vcxproj /p:Configuration=Debug /p:Platform=x64 /p:VisualStudioVersion=15.0 /v:m && .NET Framework 向け Microsoft (R) Build Engine バージョン 15.9.21+g9802d43bc3
Copyright (C) Microsoft Corporation.All rights reserved.

  Microsoft(R) C/C++ Optimizing Compiler Version 19.16.27043 for x64
  Copyright (C) Microsoft Corporation.  All rights reserved.
  
  cl /c /Zi /W3 /WX- /diagnostics:classic /Od /Ob0 /D WIN32 /D _WINDOWS /D "CMAKE_INTDIR=\"Debug\"" /D _MBCS /Gm- /EHsc /RTC1 /MDd /GS /fp:precise /Zc:wchar_t /Zc:forScope /Zc:inline /GR /Fo"cmTC_1d9fd.dir\Debug\\" /Fd"cmTC_1d9fd.dir\Debug\vc141.pdb" /Gd /TP /errorReport:queue "C:\Program Files\CMake\share\cmake-3.18\Modules\CMakeCXXCompilerABI.cpp"
  CMakeCXXCompilerABI.cpp
  
  cmTC_1d9fd.vcxproj -> D:\ONGA_Projects\ONGA_BlueDoctor\Main_app\build\CMakeFiles\CMakeTmp\Debug\cmTC_1d9fd.exe



